[2019-11-24 16:07:35]  host: localhost, user-agent: Mozilla/5.0 (Macintosh; Intel Mac OS X 10_14_6) AppleWebKit/537.36 (KHTML, like Gecko) Chrome/78.0.3904.108 Safari/537.36, referer: http://localhost/v1/webapp/index.html
[2019-11-24 16:07:35]  cookie: uid=1574513405742_0.5289886027535133
[2019-11-24 16:07:47]  host: localhost, user-agent: Mozilla/5.0 (Macintosh; Intel Mac OS X 10_14_6) AppleWebKit/537.36 (KHTML, like Gecko) Chrome/78.0.3904.108 Safari/537.36, referer: http://localhost/v1/webapp/login.html
[2019-11-24 16:07:47]  cookie: uid=1574513405742_0.5289886027535133
[2019-11-24 16:07:47]  host: localhost, user-agent: Mozilla/5.0 (Macintosh; Intel Mac OS X 10_14_6) AppleWebKit/537.36 (KHTML, like Gecko) Chrome/78.0.3904.108 Safari/537.36, referer: http://localhost/v1/webapp/login.html
[2019-11-24 16:07:47]  cookie: uid=1574513405742_0.5289886027535133
[2019-11-24 16:07:54]  host: localhost, user-agent: Mozilla/5.0 (Macintosh; Intel Mac OS X 10_14_6) AppleWebKit/537.36 (KHTML, like Gecko) Chrome/78.0.3904.108 Safari/537.36, referer: http://localhost/v1/webapp/login.html
[2019-11-24 16:07:54]  cookie: uid=1574513405742_0.5289886027535133
[2019-11-24 16:07:58]  host: localhost, user-agent: Mozilla/5.0 (Macintosh; Intel Mac OS X 10_14_6) AppleWebKit/537.36 (KHTML, like Gecko) Chrome/78.0.3904.108 Safari/537.36, referer: http://localhost/v1/webapp/login.html
[2019-11-24 16:07:58]  cookie: uid=1574513405742_0.5289886027535133
[2019-11-24 16:09:00]  host: localhost, user-agent: Mozilla/5.0 (Macintosh; Intel Mac OS X 10_14_6) AppleWebKit/537.36 (KHTML, like Gecko) Chrome/78.0.3904.108 Safari/537.36, referer: http://localhost/v1/webapp/login.html
[2019-11-24 16:09:00]  cookie: uid=1574513405742_0.5289886027535133
[2019-11-24 16:09:01]  host: localhost, user-agent: Mozilla/5.0 (Macintosh; Intel Mac OS X 10_14_6) AppleWebKit/537.36 (KHTML, like Gecko) Chrome/78.0.3904.108 Safari/537.36, referer: http://localhost/v1/webapp/login.html
[2019-11-24 16:09:01]  cookie: uid=1574513405742_0.5289886027535133
[2019-11-24 16:09:27]  host: localhost, user-agent: Mozilla/5.0 (Macintosh; Intel Mac OS X 10_14_6) AppleWebKit/537.36 (KHTML, like Gecko) Chrome/78.0.3904.108 Safari/537.36, referer: http://localhost/v1/webapp/login.html
[2019-11-24 16:09:27]  cookie: uid=1574513405742_0.5289886027535133
[2019-11-24 16:10:06]  host: localhost, user-agent: Mozilla/5.0 (Macintosh; Intel Mac OS X 10_14_6) AppleWebKit/537.36 (KHTML, like Gecko) Chrome/78.0.3904.108 Safari/537.36, referer: http://localhost/v1/webapp/login.html
[2019-11-24 16:10:06]  cookie: uid=1574513405742_0.5289886027535133
[2019-11-24 16:10:09]  host: localhost, user-agent: Mozilla/5.0 (Macintosh; Intel Mac OS X 10_14_6) AppleWebKit/537.36 (KHTML, like Gecko) Chrome/78.0.3904.108 Safari/537.36, referer: http://localhost/v1/webapp/login.html
[2019-11-24 16:10:09]  cookie: uid=1574513405742_0.5289886027535133
[2019-11-24 16:10:18]  host: localhost, user-agent: Mozilla/5.0 (Macintosh; Intel Mac OS X 10_14_6) AppleWebKit/537.36 (KHTML, like Gecko) Chrome/78.0.3904.108 Safari/537.36, referer: http://localhost/v1/webapp/login.html
[2019-11-24 16:10:18]  cookie: uid=1574513405742_0.5289886027535133
[2019-11-24 16:10:21]  host: localhost, user-agent: Mozilla/5.0 (Macintosh; Intel Mac OS X 10_14_6) AppleWebKit/537.36 (KHTML, like Gecko) Chrome/78.0.3904.108 Safari/537.36, referer: http://localhost/v1/webapp/login.html
[2019-11-24 16:10:21]  cookie: uid=1574513405742_0.5289886027535133
[2019-11-24 16:10:35]  host: localhost, user-agent: Mozilla/5.0 (Macintosh; Intel Mac OS X 10_14_6) AppleWebKit/537.36 (KHTML, like Gecko) Chrome/78.0.3904.108 Safari/537.36, referer: http://localhost/v1/webapp/login.html
[2019-11-24 16:10:35]  cookie: uid=1574513405742_0.5289886027535133
[2019-11-24 16:10:36]  host: localhost, user-agent: Mozilla/5.0 (Macintosh; Intel Mac OS X 10_14_6) AppleWebKit/537.36 (KHTML, like Gecko) Chrome/78.0.3904.108 Safari/537.36, referer: http://localhost/v1/webapp/index.html
[2019-11-24 16:10:36]  cookie: uid=1574513405742_0.5289886027535133
[2019-11-24 16:15:16]  host: localhost, user-agent: Mozilla/5.0 (Macintosh; Intel Mac OS X 10_14_6) AppleWebKit/537.36 (KHTML, like Gecko) Chrome/78.0.3904.108 Safari/537.36, referer: http://localhost/v1/webapp/new.html
[2019-11-24 16:15:16]  cookie: uid=1574513405742_0.5289886027535133
[2019-11-24 16:15:40]  host: localhost, user-agent: Mozilla/5.0 (Macintosh; Intel Mac OS X 10_14_6) AppleWebKit/537.36 (KHTML, like Gecko) Chrome/78.0.3904.108 Safari/537.36, referer: http://localhost/v1/webapp/new.html
[2019-11-24 16:15:40]  cookie: uid=1574513405742_0.5289886027535133
[2019-11-24 16:15:41]  host: localhost, user-agent: Mozilla/5.0 (Macintosh; Intel Mac OS X 10_14_6) AppleWebKit/537.36 (KHTML, like Gecko) Chrome/78.0.3904.108 Safari/537.36, referer: http://localhost/v1/webapp/new.html
[2019-11-24 16:15:41]  cookie: uid=1574513405742_0.5289886027535133
[2019-11-24 16:15:41]  host: localhost, user-agent: Mozilla/5.0 (Macintosh; Intel Mac OS X 10_14_6) AppleWebKit/537.36 (KHTML, like Gecko) Chrome/78.0.3904.108 Safari/537.36, referer: http://localhost/v1/webapp/new.html
[2019-11-24 16:15:41]  cookie: uid=1574513405742_0.5289886027535133
[2019-11-24 16:15:41]  host: localhost, user-agent: Mozilla/5.0 (Macintosh; Intel Mac OS X 10_14_6) AppleWebKit/537.36 (KHTML, like Gecko) Chrome/78.0.3904.108 Safari/537.36, referer: http://localhost/v1/webapp/new.html
[2019-11-24 16:15:41]  cookie: uid=1574513405742_0.5289886027535133
[2019-11-24 16:15:42]  host: localhost, user-agent: Mozilla/5.0 (Macintosh; Intel Mac OS X 10_14_6) AppleWebKit/537.36 (KHTML, like Gecko) Chrome/78.0.3904.108 Safari/537.36, referer: http://localhost/v1/webapp/new.html
[2019-11-24 16:15:42]  cookie: uid=1574513405742_0.5289886027535133
[2019-11-24 16:16:20]  host: localhost, user-agent: Mozilla/5.0 (Macintosh; Intel Mac OS X 10_14_6) AppleWebKit/537.36 (KHTML, like Gecko) Chrome/78.0.3904.108 Safari/537.36, referer: http://localhost/v1/webapp/index.html
[2019-11-24 16:16:20]  cookie: uid=1574513405742_0.5289886027535133
[2019-11-24 16:16:40]  host: localhost, user-agent: Mozilla/5.0 (Macintosh; Intel Mac OS X 10_14_6) AppleWebKit/537.36 (KHTML, like Gecko) Chrome/78.0.3904.108 Safari/537.36, referer: http://localhost/v1/webapp/index.html
[2019-11-24 16:16:40]  cookie: uid=1574513405742_0.5289886027535133
[2019-11-24 16:16:42]  host: localhost, user-agent: Mozilla/5.0 (Macintosh; Intel Mac OS X 10_14_6) AppleWebKit/537.36 (KHTML, like Gecko) Chrome/78.0.3904.108 Safari/537.36, referer: http://localhost/v1/webapp/edit.html?id=4
[2019-11-24 16:16:42]  cookie: uid=1574513405742_0.5289886027535133
[2019-11-24 16:16:55]  host: localhost, user-agent: Mozilla/5.0 (Macintosh; Intel Mac OS X 10_14_6) AppleWebKit/537.36 (KHTML, like Gecko) Chrome/78.0.3904.108 Safari/537.36, referer: http://localhost/v1/webapp/edit.html?id=4
[2019-11-24 16:16:55]  cookie: uid=1574513405742_0.5289886027535133
[2019-11-24 16:16:59]  host: localhost, user-agent: Mozilla/5.0 (Macintosh; Intel Mac OS X 10_14_6) AppleWebKit/537.36 (KHTML, like Gecko) Chrome/78.0.3904.108 Safari/537.36, referer: http://localhost/v1/webapp/index.html
[2019-11-24 16:16:59]  cookie: uid=1574513405742_0.5289886027535133
[2019-11-24 16:17:02]  host: localhost, user-agent: Mozilla/5.0 (Macintosh; Intel Mac OS X 10_14_6) AppleWebKit/537.36 (KHTML, like Gecko) Chrome/78.0.3904.108 Safari/537.36, referer: http://localhost/v1/webapp/edit.html?id=3
[2019-11-24 16:17:02]  cookie: uid=1574513405742_0.5289886027535133
[2019-11-24 16:17:05]  host: localhost, user-agent: Mozilla/5.0 (Macintosh; Intel Mac OS X 10_14_6) AppleWebKit/537.36 (KHTML, like Gecko) Chrome/78.0.3904.108 Safari/537.36, referer: http://localhost/v1/webapp/index.html
[2019-11-24 16:17:05]  cookie: uid=1574513405742_0.5289886027535133
[2019-11-24 16:17:08]  host: localhost, user-agent: Mozilla/5.0 (Macintosh; Intel Mac OS X 10_14_6) AppleWebKit/537.36 (KHTML, like Gecko) Chrome/78.0.3904.108 Safari/537.36, referer: http://localhost/v1/webapp/edit.html?id=4
[2019-11-24 16:17:08]  cookie: uid=1574513405742_0.5289886027535133
[2019-11-24 16:17:09]  host: localhost, user-agent: Mozilla/5.0 (Macintosh; Intel Mac OS X 10_14_6) AppleWebKit/537.36 (KHTML, like Gecko) Chrome/78.0.3904.108 Safari/537.36, referer: http://localhost/v1/webapp/index.html
[2019-11-24 16:17:09]  cookie: uid=1574513405742_0.5289886027535133
[2019-11-24 16:17:11]  host: localhost, user-agent: Mozilla/5.0 (Macintosh; Intel Mac OS X 10_14_6) AppleWebKit/537.36 (KHTML, like Gecko) Chrome/78.0.3904.108 Safari/537.36, referer: http://localhost/v1/webapp/detail.html?id=4
[2019-11-24 16:17:11]  cookie: uid=1574513405742_0.5289886027535133
[2019-11-24 16:17:13]  host: localhost, user-agent: Mozilla/5.0 (Macintosh; Intel Mac OS X 10_14_6) AppleWebKit/537.36 (KHTML, like Gecko) Chrome/78.0.3904.108 Safari/537.36, referer: http://localhost/v1/webapp/index.html
[2019-11-24 16:17:13]  cookie: uid=1574513405742_0.5289886027535133
[2019-11-24 16:17:14]  host: localhost, user-agent: Mozilla/5.0 (Macintosh; Intel Mac OS X 10_14_6) AppleWebKit/537.36 (KHTML, like Gecko) Chrome/78.0.3904.108 Safari/537.36, referer: http://localhost/v1/webapp/edit.html?id=4
[2019-11-24 16:17:14]  cookie: uid=1574513405742_0.5289886027535133
[2019-11-24 16:17:27]  host: localhost, user-agent: Mozilla/5.0 (Macintosh; Intel Mac OS X 10_14_6) AppleWebKit/537.36 (KHTML, like Gecko) Chrome/78.0.3904.108 Safari/537.36, referer: http://localhost/v1/webapp/edit.html?id=4
[2019-11-24 16:17:27]  cookie: uid=1574513405742_0.5289886027535133
[2019-11-24 16:18:21]  host: localhost, user-agent: Mozilla/5.0 (Macintosh; Intel Mac OS X 10_14_6) AppleWebKit/537.36 (KHTML, like Gecko) Chrome/78.0.3904.108 Safari/537.36, referer: http://localhost/v1/webapp/edit.html?id=4
[2019-11-24 16:18:21]  cookie: uid=1574513405742_0.5289886027535133
[2019-11-24 16:18:29]  host: localhost, user-agent: Mozilla/5.0 (Macintosh; Intel Mac OS X 10_14_6) AppleWebKit/537.36 (KHTML, like Gecko) Chrome/78.0.3904.108 Safari/537.36, referer: http://localhost/v1/webapp/edit.html?id=4
[2019-11-24 16:18:29]  cookie: uid=1574513405742_0.5289886027535133
[2019-11-24 16:18:45]  host: localhost, user-agent: Mozilla/5.0 (Macintosh; Intel Mac OS X 10_14_6) AppleWebKit/537.36 (KHTML, like Gecko) Chrome/78.0.3904.108 Safari/537.36, referer: http://localhost/v1/webapp/edit.html?id=4
[2019-11-24 16:18:45]  cookie: uid=1574513405742_0.5289886027535133
[2019-11-24 16:18:52]  host: localhost, user-agent: Mozilla/5.0 (Macintosh; Intel Mac OS X 10_14_6) AppleWebKit/537.36 (KHTML, like Gecko) Chrome/78.0.3904.108 Safari/537.36, referer: http://localhost/v1/webapp/edit.html?id=4
[2019-11-24 16:18:52]  cookie: uid=1574513405742_0.5289886027535133
[2019-11-24 16:18:55]  host: localhost, user-agent: Mozilla/5.0 (Macintosh; Intel Mac OS X 10_14_6) AppleWebKit/537.36 (KHTML, like Gecko) Chrome/78.0.3904.108 Safari/537.36, referer: http://localhost/v1/webapp/index.html
[2019-11-24 16:18:55]  cookie: uid=1574513405742_0.5289886027535133
[2019-11-24 16:18:58]  host: localhost, user-agent: Mozilla/5.0 (Macintosh; Intel Mac OS X 10_14_6) AppleWebKit/537.36 (KHTML, like Gecko) Chrome/78.0.3904.108 Safari/537.36, referer: http://localhost/v1/webapp/edit.html?id=4
[2019-11-24 16:18:58]  cookie: uid=1574513405742_0.5289886027535133
[2019-11-24 16:20:26]  host: localhost, user-agent: Mozilla/5.0 (Macintosh; Intel Mac OS X 10_14_6) AppleWebKit/537.36 (KHTML, like Gecko) Chrome/78.0.3904.108 Safari/537.36, referer: http://localhost/v1/webapp/edit.html?id=4
[2019-11-24 16:20:26]  cookie: uid=1574513405742_0.5289886027535133
[2019-11-24 16:20:29]  host: localhost, user-agent: Mozilla/5.0 (Macintosh; Intel Mac OS X 10_14_6) AppleWebKit/537.36 (KHTML, like Gecko) Chrome/78.0.3904.108 Safari/537.36, referer: http://localhost/v1/webapp/index.html
[2019-11-24 16:20:29]  cookie: uid=1574513405742_0.5289886027535133
[2019-11-24 16:21:47]  host: localhost, user-agent: Mozilla/5.0 (Macintosh; Intel Mac OS X 10_14_6) AppleWebKit/537.36 (KHTML, like Gecko) Chrome/78.0.3904.108 Safari/537.36, referer: http://localhost/v1/webapp/edit.html?id=4
[2019-11-24 16:21:47]  cookie: uid=1574513405742_0.5289886027535133
[2019-11-24 16:21:52]  host: localhost, user-agent: Mozilla/5.0 (Macintosh; Intel Mac OS X 10_14_6) AppleWebKit/537.36 (KHTML, like Gecko) Chrome/78.0.3904.108 Safari/537.36, referer: http://localhost/v1/webapp/edit.html?id=4
[2019-11-24 16:21:52]  cookie: uid=1574513405742_0.5289886027535133
[2019-11-24 16:21:55]  host: localhost, user-agent: Mozilla/5.0 (Macintosh; Intel Mac OS X 10_14_6) AppleWebKit/537.36 (KHTML, like Gecko) Chrome/78.0.3904.108 Safari/537.36, referer: http://localhost/v1/webapp/index.html
[2019-11-24 16:21:55]  cookie: uid=1574513405742_0.5289886027535133
[2019-11-24 16:26:14]  host: localhost, user-agent: Mozilla/5.0 (Macintosh; Intel Mac OS X 10_14_6) AppleWebKit/537.36 (KHTML, like Gecko) Chrome/78.0.3904.108 Safari/537.36, referer: http://localhost/v1/webapp/edit.html?id=4
[2019-11-24 16:26:14]  cookie: uid=1574513405742_0.5289886027535133
[2019-11-24 16:26:18]  host: localhost, user-agent: Mozilla/5.0 (Macintosh; Intel Mac OS X 10_14_6) AppleWebKit/537.36 (KHTML, like Gecko) Chrome/78.0.3904.108 Safari/537.36, referer: http://localhost/v1/webapp/edit.html?id=4
[2019-11-24 16:26:18]  cookie: uid=1574513405742_0.5289886027535133
[2019-11-24 16:27:03]  host: localhost, user-agent: Mozilla/5.0 (Macintosh; Intel Mac OS X 10_14_6) AppleWebKit/537.36 (KHTML, like Gecko) Chrome/78.0.3904.108 Safari/537.36, referer: http://localhost/v1/webapp/edit.html?id=4
[2019-11-24 16:27:03]  cookie: uid=1574513405742_0.5289886027535133
[2019-11-24 16:27:06]  host: localhost, user-agent: Mozilla/5.0 (Macintosh; Intel Mac OS X 10_14_6) AppleWebKit/537.36 (KHTML, like Gecko) Chrome/78.0.3904.108 Safari/537.36, referer: http://localhost/v1/webapp/index.html
[2019-11-24 16:27:06]  cookie: uid=1574513405742_0.5289886027535133
[2019-11-24 16:27:09]  host: localhost, user-agent: Mozilla/5.0 (Macintosh; Intel Mac OS X 10_14_6) AppleWebKit/537.36 (KHTML, like Gecko) Chrome/78.0.3904.108 Safari/537.36, referer: http://localhost/v1/webapp/edit.html?id=4
[2019-11-24 16:27:09]  cookie: uid=1574513405742_0.5289886027535133
[2019-11-24 16:27:14]  host: localhost, user-agent: Mozilla/5.0 (Macintosh; Intel Mac OS X 10_14_6) AppleWebKit/537.36 (KHTML, like Gecko) Chrome/78.0.3904.108 Safari/537.36, referer: http://localhost/v1/webapp/edit.html?id=4
[2019-11-24 16:27:14]  cookie: uid=1574513405742_0.5289886027535133
[2019-11-24 16:29:55]  host: localhost, user-agent: Mozilla/5.0 (Macintosh; Intel Mac OS X 10_14_6) AppleWebKit/537.36 (KHTML, like Gecko) Chrome/78.0.3904.108 Safari/537.36, referer: http://localhost/v1/webapp/edit.html?id=4
[2019-11-24 16:29:55]  cookie: uid=1574513405742_0.5289886027535133
[2019-11-24 16:31:34]  host: localhost, user-agent: Mozilla/5.0 (Macintosh; Intel Mac OS X 10_14_6) AppleWebKit/537.36 (KHTML, like Gecko) Chrome/78.0.3904.108 Safari/537.36, referer: http://localhost/v1/webapp/login.html
[2019-11-24 16:31:34]  cookie: uid=1574513405742_0.5289886027535133
[2019-11-24 16:34:19]  host: localhost, user-agent: Mozilla/5.0 (Macintosh; Intel Mac OS X 10_14_6) AppleWebKit/537.36 (KHTML, like Gecko) Chrome/78.0.3904.108 Safari/537.36, referer: http://localhost/v1/webapp/login.html
[2019-11-24 16:34:19]  cookie: uid=1574513405742_0.5289886027535133
[2019-11-24 16:34:20]  host: localhost, user-agent: Mozilla/5.0 (Macintosh; Intel Mac OS X 10_14_6) AppleWebKit/537.36 (KHTML, like Gecko) Chrome/78.0.3904.108 Safari/537.36, referer: http://localhost/v1/webapp/index.html
[2019-11-24 16:34:20]  cookie: uid=1574513405742_0.5289886027535133
[2019-11-24 16:34:22]  host: localhost, user-agent: Mozilla/5.0 (Macintosh; Intel Mac OS X 10_14_6) AppleWebKit/537.36 (KHTML, like Gecko) Chrome/78.0.3904.108 Safari/537.36, referer: http://localhost/v1/webapp/edit.html?id=4
[2019-11-24 16:34:22]  cookie: uid=1574513405742_0.5289886027535133
[2019-11-24 16:34:34]  host: localhost, user-agent: Mozilla/5.0 (Macintosh; Intel Mac OS X 10_14_6) AppleWebKit/537.36 (KHTML, like Gecko) Chrome/78.0.3904.108 Safari/537.36, referer: http://localhost/v1/webapp/edit.html?id=4
[2019-11-24 16:34:34]  cookie: uid=1574513405742_0.5289886027535133
[2019-11-24 16:34:37]  host: localhost, user-agent: Mozilla/5.0 (Macintosh; Intel Mac OS X 10_14_6) AppleWebKit/537.36 (KHTML, like Gecko) Chrome/78.0.3904.108 Safari/537.36, referer: http://localhost/v1/webapp/index.html
[2019-11-24 16:34:37]  cookie: uid=1574513405742_0.5289886027535133
[2019-11-24 16:34:42]  host: localhost, user-agent: Mozilla/5.0 (Macintosh; Intel Mac OS X 10_14_6) AppleWebKit/537.36 (KHTML, like Gecko) Chrome/78.0.3904.108 Safari/537.36, referer: http://localhost/v1/webapp/edit.html?id=4
[2019-11-24 16:34:42]  cookie: uid=1574513405742_0.5289886027535133
[2019-11-24 16:34:46]  host: localhost, user-agent: Mozilla/5.0 (Macintosh; Intel Mac OS X 10_14_6) AppleWebKit/537.36 (KHTML, like Gecko) Chrome/78.0.3904.108 Safari/537.36, referer: http://localhost/v1/webapp/edit.html?id=4
[2019-11-24 16:34:46]  cookie: uid=1574513405742_0.5289886027535133
[2019-11-24 16:34:51]  host: localhost, user-agent: Mozilla/5.0 (Macintosh; Intel Mac OS X 10_14_6) AppleWebKit/537.36 (KHTML, like Gecko) Chrome/78.0.3904.108 Safari/537.36, referer: http://localhost/v1/webapp/index.html
[2019-11-24 16:34:51]  cookie: uid=1574513405742_0.5289886027535133
[2019-11-24 16:35:05]  host: localhost, user-agent: Mozilla/5.0 (Macintosh; Intel Mac OS X 10_14_6) AppleWebKit/537.36 (KHTML, like Gecko) Chrome/78.0.3904.108 Safari/537.36, referer: http://localhost/v1/webapp/detail.html?id=4
[2019-11-24 16:35:05]  cookie: uid=1574513405742_0.5289886027535133
[2019-11-24 16:35:23]  host: localhost, user-agent: Mozilla/5.0 (Macintosh; Intel Mac OS X 10_14_6) AppleWebKit/537.36 (KHTML, like Gecko) Chrome/78.0.3904.108 Safari/537.36, referer: http://localhost/v1/webapp/index.html
[2019-11-24 16:35:23]  cookie: uid=1574513405742_0.5289886027535133
[2019-11-24 16:35:26]  host: localhost, user-agent: Mozilla/5.0 (Macintosh; Intel Mac OS X 10_14_6) AppleWebKit/537.36 (KHTML, like Gecko) Chrome/78.0.3904.108 Safari/537.36, referer: http://localhost/v1/webapp/edit.html?id=4
[2019-11-24 16:35:26]  cookie: uid=1574513405742_0.5289886027535133
[2019-11-24 16:35:37]  host: localhost, user-agent: Mozilla/5.0 (Macintosh; Intel Mac OS X 10_14_6) AppleWebKit/537.36 (KHTML, like Gecko) Chrome/78.0.3904.108 Safari/537.36, referer: http://localhost/v1/webapp/edit.html?id=4
[2019-11-24 16:35:37]  cookie: uid=1574513405742_0.5289886027535133
[2019-11-24 16:35:41]  host: localhost, user-agent: Mozilla/5.0 (Macintosh; Intel Mac OS X 10_14_6) AppleWebKit/537.36 (KHTML, like Gecko) Chrome/78.0.3904.108 Safari/537.36, referer: http://localhost/v1/webapp/index.html
[2019-11-24 16:35:41]  cookie: uid=1574513405742_0.5289886027535133
[2019-11-24 16:35:44]  host: localhost, user-agent: Mozilla/5.0 (Macintosh; Intel Mac OS X 10_14_6) AppleWebKit/537.36 (KHTML, like Gecko) Chrome/78.0.3904.108 Safari/537.36, referer: http://localhost/v1/webapp/index.html
[2019-11-24 16:35:44]  cookie: uid=1574513405742_0.5289886027535133
[2019-11-24 16:35:52]  host: localhost, user-agent: Mozilla/5.0 (Macintosh; Intel Mac OS X 10_14_6) AppleWebKit/537.36 (KHTML, like Gecko) Chrome/78.0.3904.108 Safari/537.36, referer: http://localhost/v1/webapp/edit.html?id=4
[2019-11-24 16:35:52]  cookie: uid=1574513405742_0.5289886027535133
[2019-11-24 16:35:56]  host: localhost, user-agent: Mozilla/5.0 (Macintosh; Intel Mac OS X 10_14_6) AppleWebKit/537.36 (KHTML, like Gecko) Chrome/78.0.3904.108 Safari/537.36, referer: http://localhost/v1/webapp/edit.html?id=4
[2019-11-24 16:35:56]  cookie: uid=1574513405742_0.5289886027535133
[2019-11-24 16:35:59]  host: localhost, user-agent: Mozilla/5.0 (Macintosh; Intel Mac OS X 10_14_6) AppleWebKit/537.36 (KHTML, like Gecko) Chrome/78.0.3904.108 Safari/537.36, referer: http://localhost/v1/webapp/index.html
[2019-11-24 16:35:59]  cookie: uid=1574513405742_0.5289886027535133
[2019-11-24 16:36:04]  host: localhost, user-agent: Mozilla/5.0 (Macintosh; Intel Mac OS X 10_14_6) AppleWebKit/537.36 (KHTML, like Gecko) Chrome/78.0.3904.108 Safari/537.36, referer: http://localhost/v1/webapp/edit.html?id=4
[2019-11-24 16:36:04]  cookie: uid=1574513405742_0.5289886027535133
[2019-11-24 16:36:49]  host: localhost, user-agent: Mozilla/5.0 (Macintosh; Intel Mac OS X 10_14_6) AppleWebKit/537.36 (KHTML, like Gecko) Chrome/78.0.3904.108 Safari/537.36, referer: http://localhost/v1/webapp/edit.html?id=4
[2019-11-24 16:36:49]  cookie: uid=1574513405742_0.5289886027535133
[2019-11-24 16:36:55]  host: localhost, user-agent: Mozilla/5.0 (Macintosh; Intel Mac OS X 10_14_6) AppleWebKit/537.36 (KHTML, like Gecko) Chrome/78.0.3904.108 Safari/537.36, referer: http://localhost/v1/webapp/edit.html?id=4
[2019-11-24 16:36:55]  cookie: uid=1574513405742_0.5289886027535133
[2019-11-24 16:36:58]  host: localhost, user-agent: Mozilla/5.0 (Macintosh; Intel Mac OS X 10_14_6) AppleWebKit/537.36 (KHTML, like Gecko) Chrome/78.0.3904.108 Safari/537.36, referer: http://localhost/v1/webapp/index.html
[2019-11-24 16:36:58]  cookie: uid=1574513405742_0.5289886027535133
[2019-11-24 16:37:15]  host: localhost, user-agent: Mozilla/5.0 (Macintosh; Intel Mac OS X 10_14_6) AppleWebKit/537.36 (KHTML, like Gecko) Chrome/78.0.3904.108 Safari/537.36, referer: http://localhost/v1/webapp/index.html
[2019-11-24 16:37:15]  cookie: uid=1574513405742_0.5289886027535133
[2019-11-24 16:58:08]  host: localhost, user-agent: Mozilla/5.0 (Macintosh; Intel Mac OS X 10_14_6) AppleWebKit/537.36 (KHTML, like Gecko) Chrome/78.0.3904.108 Safari/537.36, referer: http://localhost/v1/webapp/detail.html?id=4
[2019-11-24 16:58:08]  cookie: uid=1574513405742_0.5289886027535133
[2019-11-24 16:58:12]  host: localhost, user-agent: Mozilla/5.0 (Macintosh; Intel Mac OS X 10_14_6) AppleWebKit/537.36 (KHTML, like Gecko) Chrome/78.0.3904.108 Safari/537.36, referer: http://localhost/v1/webapp/detail.html?id=4
[2019-11-24 16:58:12]  cookie: uid=1574513405742_0.5289886027535133
[2019-11-24 16:58:20]  host: localhost, user-agent: Mozilla/5.0 (Macintosh; Intel Mac OS X 10_14_6) AppleWebKit/537.36 (KHTML, like Gecko) Chrome/78.0.3904.108 Safari/537.36, referer: http://localhost/v1/webapp/login.html
[2019-11-24 16:58:20]  cookie: uid=1574513405742_0.5289886027535133
[2019-11-24 16:58:26]  host: localhost, user-agent: Mozilla/5.0 (Macintosh; Intel Mac OS X 10_14_6) AppleWebKit/537.36 (KHTML, like Gecko) Chrome/78.0.3904.108 Safari/537.36, referer: http://localhost/v1/webapp/login.html
[2019-11-24 16:58:26]  cookie: uid=1574513405742_0.5289886027535133
[2019-11-24 16:59:01]  host: localhost, user-agent: Mozilla/5.0 (Macintosh; Intel Mac OS X 10_14_6) AppleWebKit/537.36 (KHTML, like Gecko) Chrome/78.0.3904.108 Safari/537.36, referer: http://localhost/v1/webapp/login.html
[2019-11-24 16:59:01]  cookie: uid=1574513405742_0.5289886027535133
[2019-11-24 16:59:07]  host: localhost, user-agent: Mozilla/5.0 (Macintosh; Intel Mac OS X 10_14_6) AppleWebKit/537.36 (KHTML, like Gecko) Chrome/78.0.3904.108 Safari/537.36, referer: http://localhost/v1/webapp/login.html
[2019-11-24 16:59:07]  cookie: uid=1574513405742_0.5289886027535133
[2019-11-24 16:59:38]  host: localhost, user-agent: Mozilla/5.0 (Macintosh; Intel Mac OS X 10_14_6) AppleWebKit/537.36 (KHTML, like Gecko) Chrome/78.0.3904.108 Safari/537.36, referer: http://localhost/v1/webapp/login.html
[2019-11-24 16:59:38]  cookie: uid=1574513405742_0.5289886027535133
[2019-11-24 17:00:44]  host: localhost, user-agent: Mozilla/5.0 (Macintosh; Intel Mac OS X 10_14_6) AppleWebKit/537.36 (KHTML, like Gecko) Chrome/78.0.3904.108 Safari/537.36, referer: http://localhost/v1/webapp/login.html
[2019-11-24 17:00:44]  cookie: uid=1574513405742_0.5289886027535133
[2019-11-24 17:01:09]  host: localhost, user-agent: Mozilla/5.0 (Macintosh; Intel Mac OS X 10_14_6) AppleWebKit/537.36 (KHTML, like Gecko) Chrome/78.0.3904.108 Safari/537.36, referer: http://localhost/v1/webapp/login.html
[2019-11-24 17:01:09]  cookie: uid=1574513405742_0.5289886027535133
[2019-11-24 17:01:34]  host: localhost, user-agent: Mozilla/5.0 (Macintosh; Intel Mac OS X 10_14_6) AppleWebKit/537.36 (KHTML, like Gecko) Chrome/78.0.3904.108 Safari/537.36, referer: http://localhost/v1/webapp/login.html
[2019-11-24 17:01:34]  cookie: uid=1574513405742_0.5289886027535133
[2019-11-24 17:01:51]  host: localhost, user-agent: Mozilla/5.0 (Macintosh; Intel Mac OS X 10_14_6) AppleWebKit/537.36 (KHTML, like Gecko) Chrome/78.0.3904.108 Safari/537.36, referer: http://localhost/v1/webapp/login.html
[2019-11-24 17:01:51]  cookie: uid=1574513405742_0.5289886027535133
[2019-11-24 17:01:51]  host: localhost, user-agent: Mozilla/5.0 (Macintosh; Intel Mac OS X 10_14_6) AppleWebKit/537.36 (KHTML, like Gecko) Chrome/78.0.3904.108 Safari/537.36, referer: http://localhost/v1/webapp/index.html
[2019-11-24 17:01:51]  cookie: uid=1574513405742_0.5289886027535133
[2019-12-08 19:45:50]  host: localhost:3000, user-agent: Mozilla/5.0 (Macintosh; Intel Mac OS X 10_15_1) AppleWebKit/537.36 (KHTML, like Gecko) Chrome/78.0.3904.108 Safari/537.36, referer: undefined
[2019-12-08 19:45:50]  cookie: connect.sid=s%3A5kgO501DaGQfmFP5UkVTz1x5c7_nFL8e.6%2FxnLogNSR7QRO6lyqj7Ve47%2FhuSYdjXtyIpbV6fWE0; koa.sid=ivwC90iAb7tLBOBeknNrnuhe7iEie-dh; koa.sid.sig=tmZIO5eST0xQE8T8m_alai3Av4s
[2019-12-08 19:45:51]  host: localhost:3000, user-agent: Mozilla/5.0 (Macintosh; Intel Mac OS X 10_15_1) AppleWebKit/537.36 (KHTML, like Gecko) Chrome/78.0.3904.108 Safari/537.36, referer: undefined
[2019-12-08 19:45:51]  cookie: connect.sid=s%3A5kgO501DaGQfmFP5UkVTz1x5c7_nFL8e.6%2FxnLogNSR7QRO6lyqj7Ve47%2FhuSYdjXtyIpbV6fWE0; koa.sid=ivwC90iAb7tLBOBeknNrnuhe7iEie-dh; koa.sid.sig=tmZIO5eST0xQE8T8m_alai3Av4s
[2019-12-08 19:45:56]  host: localhost:3000, user-agent: Mozilla/5.0 (Macintosh; Intel Mac OS X 10_15_1) AppleWebKit/537.36 (KHTML, like Gecko) Chrome/78.0.3904.108 Safari/537.36, referer: undefined
[2019-12-08 19:45:56]  cookie: connect.sid=s%3A5kgO501DaGQfmFP5UkVTz1x5c7_nFL8e.6%2FxnLogNSR7QRO6lyqj7Ve47%2FhuSYdjXtyIpbV6fWE0; koa.sid=ivwC90iAb7tLBOBeknNrnuhe7iEie-dh; koa.sid.sig=tmZIO5eST0xQE8T8m_alai3Av4s
[2019-12-08 19:46:07]  host: localhost:3000, user-agent: Mozilla/5.0 (Macintosh; Intel Mac OS X 10_15_1) AppleWebKit/537.36 (KHTML, like Gecko) Chrome/78.0.3904.108 Safari/537.36, referer: undefined
[2019-12-08 19:46:07]  cookie: connect.sid=s%3A5kgO501DaGQfmFP5UkVTz1x5c7_nFL8e.6%2FxnLogNSR7QRO6lyqj7Ve47%2FhuSYdjXtyIpbV6fWE0; koa.sid=ivwC90iAb7tLBOBeknNrnuhe7iEie-dh; koa.sid.sig=tmZIO5eST0xQE8T8m_alai3Av4s
[2019-12-08 19:46:07]  host: localhost:3000, user-agent: Mozilla/5.0 (Macintosh; Intel Mac OS X 10_15_1) AppleWebKit/537.36 (KHTML, like Gecko) Chrome/78.0.3904.108 Safari/537.36, referer: undefined
[2019-12-08 19:46:07]  cookie: connect.sid=s%3A5kgO501DaGQfmFP5UkVTz1x5c7_nFL8e.6%2FxnLogNSR7QRO6lyqj7Ve47%2FhuSYdjXtyIpbV6fWE0; koa.sid=ivwC90iAb7tLBOBeknNrnuhe7iEie-dh; koa.sid.sig=tmZIO5eST0xQE8T8m_alai3Av4s
[2019-12-08 19:46:21]  host: localhost:3000, user-agent: Mozilla/5.0 (Macintosh; Intel Mac OS X 10_15_1) AppleWebKit/537.36 (KHTML, like Gecko) Chrome/78.0.3904.108 Safari/537.36, referer: undefined
[2019-12-08 19:46:21]  cookie: connect.sid=s%3A5kgO501DaGQfmFP5UkVTz1x5c7_nFL8e.6%2FxnLogNSR7QRO6lyqj7Ve47%2FhuSYdjXtyIpbV6fWE0; koa.sid=ivwC90iAb7tLBOBeknNrnuhe7iEie-dh; koa.sid.sig=tmZIO5eST0xQE8T8m_alai3Av4s
[2019-12-08 19:46:27]  host: localhost:3000, user-agent: Mozilla/5.0 (Macintosh; Intel Mac OS X 10_15_1) AppleWebKit/537.36 (KHTML, like Gecko) Chrome/78.0.3904.108 Safari/537.36, referer: undefined
[2019-12-08 19:46:27]  cookie: connect.sid=s%3A5kgO501DaGQfmFP5UkVTz1x5c7_nFL8e.6%2FxnLogNSR7QRO6lyqj7Ve47%2FhuSYdjXtyIpbV6fWE0; koa.sid=ivwC90iAb7tLBOBeknNrnuhe7iEie-dh; koa.sid.sig=tmZIO5eST0xQE8T8m_alai3Av4s
[2019-12-08 19:48:35]  host: localhost:3000, user-agent: Mozilla/5.0 (Macintosh; Intel Mac OS X 10_15_1) AppleWebKit/537.36 (KHTML, like Gecko) Chrome/78.0.3904.108 Safari/537.36, referer: undefined
[2019-12-08 19:48:35]  cookie: connect.sid=s%3A5kgO501DaGQfmFP5UkVTz1x5c7_nFL8e.6%2FxnLogNSR7QRO6lyqj7Ve47%2FhuSYdjXtyIpbV6fWE0; koa.sid=ivwC90iAb7tLBOBeknNrnuhe7iEie-dh; koa.sid.sig=tmZIO5eST0xQE8T8m_alai3Av4s
[2019-12-08 19:50:19]  host: localhost:3000, user-agent: Mozilla/5.0 (Macintosh; Intel Mac OS X 10_15_1) AppleWebKit/537.36 (KHTML, like Gecko) Chrome/78.0.3904.108 Safari/537.36, referer: undefined
[2019-12-08 19:50:19]  cookie: connect.sid=s%3A5kgO501DaGQfmFP5UkVTz1x5c7_nFL8e.6%2FxnLogNSR7QRO6lyqj7Ve47%2FhuSYdjXtyIpbV6fWE0; koa.sid=ivwC90iAb7tLBOBeknNrnuhe7iEie-dh; koa.sid.sig=tmZIO5eST0xQE8T8m_alai3Av4s
[2019-12-08 19:52:45]  host: localhost:3000, user-agent: Mozilla/5.0 (Macintosh; Intel Mac OS X 10_15_1) AppleWebKit/537.36 (KHTML, like Gecko) Chrome/78.0.3904.108 Safari/537.36, referer: undefined
[2019-12-08 19:52:45]  cookie: connect.sid=s%3A5kgO501DaGQfmFP5UkVTz1x5c7_nFL8e.6%2FxnLogNSR7QRO6lyqj7Ve47%2FhuSYdjXtyIpbV6fWE0; koa.sid=ivwC90iAb7tLBOBeknNrnuhe7iEie-dh; koa.sid.sig=tmZIO5eST0xQE8T8m_alai3Av4s
[2019-12-08 19:52:51]  host: localhost:3000, user-agent: Mozilla/5.0 (Macintosh; Intel Mac OS X 10_15_1) AppleWebKit/537.36 (KHTML, like Gecko) Chrome/78.0.3904.108 Safari/537.36, referer: undefined
[2019-12-08 19:52:51]  cookie: connect.sid=s%3A5kgO501DaGQfmFP5UkVTz1x5c7_nFL8e.6%2FxnLogNSR7QRO6lyqj7Ve47%2FhuSYdjXtyIpbV6fWE0; koa.sid=ivwC90iAb7tLBOBeknNrnuhe7iEie-dh; koa.sid.sig=tmZIO5eST0xQE8T8m_alai3Av4s
[2019-12-08 19:53:38]  host: localhost:3000, user-agent: Mozilla/5.0 (Macintosh; Intel Mac OS X 10_15_1) AppleWebKit/537.36 (KHTML, like Gecko) Chrome/78.0.3904.108 Safari/537.36, referer: undefined
[2019-12-08 19:53:38]  cookie: connect.sid=s%3A5kgO501DaGQfmFP5UkVTz1x5c7_nFL8e.6%2FxnLogNSR7QRO6lyqj7Ve47%2FhuSYdjXtyIpbV6fWE0; koa.sid=ivwC90iAb7tLBOBeknNrnuhe7iEie-dh; koa.sid.sig=tmZIO5eST0xQE8T8m_alai3Av4s
[2019-12-08 19:53:39]  host: localhost:3000, user-agent: Mozilla/5.0 (Macintosh; Intel Mac OS X 10_15_1) AppleWebKit/537.36 (KHTML, like Gecko) Chrome/78.0.3904.108 Safari/537.36, referer: undefined
[2019-12-08 19:53:39]  cookie: connect.sid=s%3A5kgO501DaGQfmFP5UkVTz1x5c7_nFL8e.6%2FxnLogNSR7QRO6lyqj7Ve47%2FhuSYdjXtyIpbV6fWE0; koa.sid=ivwC90iAb7tLBOBeknNrnuhe7iEie-dh; koa.sid.sig=tmZIO5eST0xQE8T8m_alai3Av4s
[2019-12-08 19:53:42]  host: localhost:3000, user-agent: Mozilla/5.0 (Macintosh; Intel Mac OS X 10_15_1) AppleWebKit/537.36 (KHTML, like Gecko) Chrome/78.0.3904.108 Safari/537.36, referer: undefined
[2019-12-08 19:53:42]  cookie: connect.sid=s%3A5kgO501DaGQfmFP5UkVTz1x5c7_nFL8e.6%2FxnLogNSR7QRO6lyqj7Ve47%2FhuSYdjXtyIpbV6fWE0; koa.sid=ivwC90iAb7tLBOBeknNrnuhe7iEie-dh; koa.sid.sig=tmZIO5eST0xQE8T8m_alai3Av4s
[2019-12-08 19:54:02]  host: localhost:3000, user-agent: Mozilla/5.0 (Macintosh; Intel Mac OS X 10_15_1) AppleWebKit/537.36 (KHTML, like Gecko) Chrome/78.0.3904.108 Safari/537.36, referer: undefined
[2019-12-08 19:54:02]  cookie: connect.sid=s%3A5kgO501DaGQfmFP5UkVTz1x5c7_nFL8e.6%2FxnLogNSR7QRO6lyqj7Ve47%2FhuSYdjXtyIpbV6fWE0; koa.sid=ivwC90iAb7tLBOBeknNrnuhe7iEie-dh; koa.sid.sig=tmZIO5eST0xQE8T8m_alai3Av4s
[2019-12-08 19:54:02]  host: localhost:3000, user-agent: Mozilla/5.0 (Macintosh; Intel Mac OS X 10_15_1) AppleWebKit/537.36 (KHTML, like Gecko) Chrome/78.0.3904.108 Safari/537.36, referer: undefined
[2019-12-08 19:54:02]  cookie: connect.sid=s%3A5kgO501DaGQfmFP5UkVTz1x5c7_nFL8e.6%2FxnLogNSR7QRO6lyqj7Ve47%2FhuSYdjXtyIpbV6fWE0; koa.sid=ivwC90iAb7tLBOBeknNrnuhe7iEie-dh; koa.sid.sig=tmZIO5eST0xQE8T8m_alai3Av4s
[2019-12-08 19:54:06]  host: localhost:3000, user-agent: Mozilla/5.0 (Macintosh; Intel Mac OS X 10_15_1) AppleWebKit/537.36 (KHTML, like Gecko) Chrome/78.0.3904.108 Safari/537.36, referer: undefined
[2019-12-08 19:54:06]  cookie: connect.sid=s%3A5kgO501DaGQfmFP5UkVTz1x5c7_nFL8e.6%2FxnLogNSR7QRO6lyqj7Ve47%2FhuSYdjXtyIpbV6fWE0; koa.sid=ivwC90iAb7tLBOBeknNrnuhe7iEie-dh; koa.sid.sig=tmZIO5eST0xQE8T8m_alai3Av4s
[2019-12-08 19:54:21]  host: localhost:3000, user-agent: Mozilla/5.0 (Macintosh; Intel Mac OS X 10_15_1) AppleWebKit/537.36 (KHTML, like Gecko) Chrome/78.0.3904.108 Safari/537.36, referer: undefined
[2019-12-08 19:54:21]  cookie: connect.sid=s%3A5kgO501DaGQfmFP5UkVTz1x5c7_nFL8e.6%2FxnLogNSR7QRO6lyqj7Ve47%2FhuSYdjXtyIpbV6fWE0; koa.sid=ivwC90iAb7tLBOBeknNrnuhe7iEie-dh; koa.sid.sig=tmZIO5eST0xQE8T8m_alai3Av4s
[2019-12-08 19:54:24]  host: localhost:3000, user-agent: Mozilla/5.0 (Macintosh; Intel Mac OS X 10_15_1) AppleWebKit/537.36 (KHTML, like Gecko) Chrome/78.0.3904.108 Safari/537.36, referer: undefined
[2019-12-08 19:54:24]  cookie: connect.sid=s%3A5kgO501DaGQfmFP5UkVTz1x5c7_nFL8e.6%2FxnLogNSR7QRO6lyqj7Ve47%2FhuSYdjXtyIpbV6fWE0; koa.sid=ivwC90iAb7tLBOBeknNrnuhe7iEie-dh; koa.sid.sig=tmZIO5eST0xQE8T8m_alai3Av4s
[2019-12-08 19:54:31]  host: localhost:3000, user-agent: Mozilla/5.0 (Macintosh; Intel Mac OS X 10_15_1) AppleWebKit/537.36 (KHTML, like Gecko) Chrome/78.0.3904.108 Safari/537.36, referer: undefined
[2019-12-08 19:54:31]  cookie: connect.sid=s%3A5kgO501DaGQfmFP5UkVTz1x5c7_nFL8e.6%2FxnLogNSR7QRO6lyqj7Ve47%2FhuSYdjXtyIpbV6fWE0; koa.sid=ivwC90iAb7tLBOBeknNrnuhe7iEie-dh; koa.sid.sig=tmZIO5eST0xQE8T8m_alai3Av4s
[2019-12-08 19:54:32]  host: localhost:3000, user-agent: Mozilla/5.0 (Macintosh; Intel Mac OS X 10_15_1) AppleWebKit/537.36 (KHTML, like Gecko) Chrome/78.0.3904.108 Safari/537.36, referer: undefined
[2019-12-08 19:54:32]  cookie: connect.sid=s%3A5kgO501DaGQfmFP5UkVTz1x5c7_nFL8e.6%2FxnLogNSR7QRO6lyqj7Ve47%2FhuSYdjXtyIpbV6fWE0; koa.sid=ivwC90iAb7tLBOBeknNrnuhe7iEie-dh; koa.sid.sig=tmZIO5eST0xQE8T8m_alai3Av4s
[2019-12-08 19:54:35]  host: localhost:3000, user-agent: Mozilla/5.0 (Macintosh; Intel Mac OS X 10_15_1) AppleWebKit/537.36 (KHTML, like Gecko) Chrome/78.0.3904.108 Safari/537.36, referer: undefined
[2019-12-08 19:54:35]  cookie: connect.sid=s%3A5kgO501DaGQfmFP5UkVTz1x5c7_nFL8e.6%2FxnLogNSR7QRO6lyqj7Ve47%2FhuSYdjXtyIpbV6fWE0; koa.sid=ivwC90iAb7tLBOBeknNrnuhe7iEie-dh; koa.sid.sig=tmZIO5eST0xQE8T8m_alai3Av4s
[2019-12-08 19:54:38]  host: localhost:3000, user-agent: Mozilla/5.0 (Macintosh; Intel Mac OS X 10_15_1) AppleWebKit/537.36 (KHTML, like Gecko) Chrome/78.0.3904.108 Safari/537.36, referer: undefined
[2019-12-08 19:54:38]  cookie: connect.sid=s%3A5kgO501DaGQfmFP5UkVTz1x5c7_nFL8e.6%2FxnLogNSR7QRO6lyqj7Ve47%2FhuSYdjXtyIpbV6fWE0; koa.sid=ivwC90iAb7tLBOBeknNrnuhe7iEie-dh; koa.sid.sig=tmZIO5eST0xQE8T8m_alai3Av4s
[2019-12-08 19:54:51]  host: localhost:3000, user-agent: Mozilla/5.0 (Macintosh; Intel Mac OS X 10_15_1) AppleWebKit/537.36 (KHTML, like Gecko) Chrome/78.0.3904.108 Safari/537.36, referer: undefined
[2019-12-08 19:54:51]  cookie: connect.sid=s%3A5kgO501DaGQfmFP5UkVTz1x5c7_nFL8e.6%2FxnLogNSR7QRO6lyqj7Ve47%2FhuSYdjXtyIpbV6fWE0; koa.sid=ivwC90iAb7tLBOBeknNrnuhe7iEie-dh; koa.sid.sig=tmZIO5eST0xQE8T8m_alai3Av4s
[2019-12-08 19:54:51]  host: localhost:3000, user-agent: Mozilla/5.0 (Macintosh; Intel Mac OS X 10_15_1) AppleWebKit/537.36 (KHTML, like Gecko) Chrome/78.0.3904.108 Safari/537.36, referer: undefined
[2019-12-08 19:54:51]  cookie: connect.sid=s%3A5kgO501DaGQfmFP5UkVTz1x5c7_nFL8e.6%2FxnLogNSR7QRO6lyqj7Ve47%2FhuSYdjXtyIpbV6fWE0; koa.sid=ivwC90iAb7tLBOBeknNrnuhe7iEie-dh; koa.sid.sig=tmZIO5eST0xQE8T8m_alai3Av4s
[2019-12-08 19:55:11]  host: localhost:3000, user-agent: Mozilla/5.0 (Macintosh; Intel Mac OS X 10_15_1) AppleWebKit/537.36 (KHTML, like Gecko) Chrome/78.0.3904.108 Safari/537.36, referer: undefined
[2019-12-08 19:55:11]  cookie: connect.sid=s%3A5kgO501DaGQfmFP5UkVTz1x5c7_nFL8e.6%2FxnLogNSR7QRO6lyqj7Ve47%2FhuSYdjXtyIpbV6fWE0; koa.sid=ivwC90iAb7tLBOBeknNrnuhe7iEie-dh; koa.sid.sig=tmZIO5eST0xQE8T8m_alai3Av4s
[2019-12-08 19:55:13]  host: localhost:3000, user-agent: Mozilla/5.0 (Macintosh; Intel Mac OS X 10_15_1) AppleWebKit/537.36 (KHTML, like Gecko) Chrome/78.0.3904.108 Safari/537.36, referer: undefined
[2019-12-08 19:55:13]  cookie: connect.sid=s%3A5kgO501DaGQfmFP5UkVTz1x5c7_nFL8e.6%2FxnLogNSR7QRO6lyqj7Ve47%2FhuSYdjXtyIpbV6fWE0; koa.sid=ivwC90iAb7tLBOBeknNrnuhe7iEie-dh; koa.sid.sig=tmZIO5eST0xQE8T8m_alai3Av4s
[2019-12-08 19:55:36]  host: localhost:3000, user-agent: Mozilla/5.0 (Macintosh; Intel Mac OS X 10_15_1) AppleWebKit/537.36 (KHTML, like Gecko) Chrome/78.0.3904.108 Safari/537.36, referer: undefined
[2019-12-08 19:55:36]  cookie: connect.sid=s%3A5kgO501DaGQfmFP5UkVTz1x5c7_nFL8e.6%2FxnLogNSR7QRO6lyqj7Ve47%2FhuSYdjXtyIpbV6fWE0; koa.sid=ivwC90iAb7tLBOBeknNrnuhe7iEie-dh; koa.sid.sig=tmZIO5eST0xQE8T8m_alai3Av4s
[2019-12-08 19:55:47]  host: localhost:3000, user-agent: Mozilla/5.0 (Macintosh; Intel Mac OS X 10_15_1) AppleWebKit/537.36 (KHTML, like Gecko) Chrome/78.0.3904.108 Safari/537.36, referer: undefined
[2019-12-08 19:55:47]  cookie: connect.sid=s%3A5kgO501DaGQfmFP5UkVTz1x5c7_nFL8e.6%2FxnLogNSR7QRO6lyqj7Ve47%2FhuSYdjXtyIpbV6fWE0; koa.sid=ivwC90iAb7tLBOBeknNrnuhe7iEie-dh; koa.sid.sig=tmZIO5eST0xQE8T8m_alai3Av4s
[2019-12-08 19:55:48]  host: localhost:3000, user-agent: Mozilla/5.0 (Macintosh; Intel Mac OS X 10_15_1) AppleWebKit/537.36 (KHTML, like Gecko) Chrome/78.0.3904.108 Safari/537.36, referer: undefined
[2019-12-08 19:55:48]  cookie: connect.sid=s%3A5kgO501DaGQfmFP5UkVTz1x5c7_nFL8e.6%2FxnLogNSR7QRO6lyqj7Ve47%2FhuSYdjXtyIpbV6fWE0; koa.sid=ivwC90iAb7tLBOBeknNrnuhe7iEie-dh; koa.sid.sig=tmZIO5eST0xQE8T8m_alai3Av4s
[2019-12-08 19:55:56]  host: localhost:3000, user-agent: Mozilla/5.0 (Macintosh; Intel Mac OS X 10_15_1) AppleWebKit/537.36 (KHTML, like Gecko) Chrome/78.0.3904.108 Safari/537.36, referer: undefined
[2019-12-08 19:55:56]  cookie: connect.sid=s%3A5kgO501DaGQfmFP5UkVTz1x5c7_nFL8e.6%2FxnLogNSR7QRO6lyqj7Ve47%2FhuSYdjXtyIpbV6fWE0; koa.sid=ivwC90iAb7tLBOBeknNrnuhe7iEie-dh; koa.sid.sig=tmZIO5eST0xQE8T8m_alai3Av4s
[2019-12-08 19:55:57]  host: localhost:3000, user-agent: Mozilla/5.0 (Macintosh; Intel Mac OS X 10_15_1) AppleWebKit/537.36 (KHTML, like Gecko) Chrome/78.0.3904.108 Safari/537.36, referer: undefined
[2019-12-08 19:55:57]  cookie: connect.sid=s%3A5kgO501DaGQfmFP5UkVTz1x5c7_nFL8e.6%2FxnLogNSR7QRO6lyqj7Ve47%2FhuSYdjXtyIpbV6fWE0; koa.sid=ivwC90iAb7tLBOBeknNrnuhe7iEie-dh; koa.sid.sig=tmZIO5eST0xQE8T8m_alai3Av4s
[2019-12-08 19:56:13]  host: localhost:3000, user-agent: Mozilla/5.0 (Macintosh; Intel Mac OS X 10_15_1) AppleWebKit/537.36 (KHTML, like Gecko) Chrome/78.0.3904.108 Safari/537.36, referer: undefined
[2019-12-08 19:56:13]  cookie: connect.sid=s%3A5kgO501DaGQfmFP5UkVTz1x5c7_nFL8e.6%2FxnLogNSR7QRO6lyqj7Ve47%2FhuSYdjXtyIpbV6fWE0; koa.sid=ivwC90iAb7tLBOBeknNrnuhe7iEie-dh; koa.sid.sig=tmZIO5eST0xQE8T8m_alai3Av4s
[2019-12-08 19:56:14]  host: localhost:3000, user-agent: Mozilla/5.0 (Macintosh; Intel Mac OS X 10_15_1) AppleWebKit/537.36 (KHTML, like Gecko) Chrome/78.0.3904.108 Safari/537.36, referer: undefined
[2019-12-08 19:56:14]  cookie: connect.sid=s%3A5kgO501DaGQfmFP5UkVTz1x5c7_nFL8e.6%2FxnLogNSR7QRO6lyqj7Ve47%2FhuSYdjXtyIpbV6fWE0; koa.sid=ivwC90iAb7tLBOBeknNrnuhe7iEie-dh; koa.sid.sig=tmZIO5eST0xQE8T8m_alai3Av4s
[2019-12-08 19:57:23]  host: localhost:3000, user-agent: Mozilla/5.0 (Macintosh; Intel Mac OS X 10_15_1) AppleWebKit/537.36 (KHTML, like Gecko) Chrome/78.0.3904.108 Safari/537.36, referer: undefined
[2019-12-08 19:57:23]  cookie: connect.sid=s%3A5kgO501DaGQfmFP5UkVTz1x5c7_nFL8e.6%2FxnLogNSR7QRO6lyqj7Ve47%2FhuSYdjXtyIpbV6fWE0; koa.sid=ivwC90iAb7tLBOBeknNrnuhe7iEie-dh; koa.sid.sig=tmZIO5eST0xQE8T8m_alai3Av4s
[2019-12-08 19:58:34]  host: localhost:3000, user-agent: Mozilla/5.0 (Macintosh; Intel Mac OS X 10_15_1) AppleWebKit/537.36 (KHTML, like Gecko) Chrome/78.0.3904.108 Safari/537.36, referer: undefined
[2019-12-08 19:58:34]  cookie: connect.sid=s%3A5kgO501DaGQfmFP5UkVTz1x5c7_nFL8e.6%2FxnLogNSR7QRO6lyqj7Ve47%2FhuSYdjXtyIpbV6fWE0; koa.sid=ivwC90iAb7tLBOBeknNrnuhe7iEie-dh; koa.sid.sig=tmZIO5eST0xQE8T8m_alai3Av4s
[2019-12-08 19:58:41]  host: localhost:3000, user-agent: Mozilla/5.0 (Macintosh; Intel Mac OS X 10_15_1) AppleWebKit/537.36 (KHTML, like Gecko) Chrome/78.0.3904.108 Safari/537.36, referer: undefined
[2019-12-08 19:58:41]  cookie: connect.sid=s%3A5kgO501DaGQfmFP5UkVTz1x5c7_nFL8e.6%2FxnLogNSR7QRO6lyqj7Ve47%2FhuSYdjXtyIpbV6fWE0; koa.sid=ivwC90iAb7tLBOBeknNrnuhe7iEie-dh; koa.sid.sig=tmZIO5eST0xQE8T8m_alai3Av4s
[2019-12-08 19:58:42]  host: localhost:3000, user-agent: Mozilla/5.0 (Macintosh; Intel Mac OS X 10_15_1) AppleWebKit/537.36 (KHTML, like Gecko) Chrome/78.0.3904.108 Safari/537.36, referer: undefined
[2019-12-08 19:58:42]  cookie: connect.sid=s%3A5kgO501DaGQfmFP5UkVTz1x5c7_nFL8e.6%2FxnLogNSR7QRO6lyqj7Ve47%2FhuSYdjXtyIpbV6fWE0; koa.sid=ivwC90iAb7tLBOBeknNrnuhe7iEie-dh; koa.sid.sig=tmZIO5eST0xQE8T8m_alai3Av4s
[2019-12-08 19:58:43]  host: localhost:3000, user-agent: Mozilla/5.0 (Macintosh; Intel Mac OS X 10_15_1) AppleWebKit/537.36 (KHTML, like Gecko) Chrome/78.0.3904.108 Safari/537.36, referer: undefined
[2019-12-08 19:58:43]  cookie: connect.sid=s%3A5kgO501DaGQfmFP5UkVTz1x5c7_nFL8e.6%2FxnLogNSR7QRO6lyqj7Ve47%2FhuSYdjXtyIpbV6fWE0; koa.sid=ivwC90iAb7tLBOBeknNrnuhe7iEie-dh; koa.sid.sig=tmZIO5eST0xQE8T8m_alai3Av4s
[2019-12-08 20:01:26]  host: localhost:3000, user-agent: Mozilla/5.0 (Macintosh; Intel Mac OS X 10_15_1) AppleWebKit/537.36 (KHTML, like Gecko) Chrome/78.0.3904.108 Safari/537.36, referer: undefined
[2019-12-08 20:01:26]  cookie: connect.sid=s%3A5kgO501DaGQfmFP5UkVTz1x5c7_nFL8e.6%2FxnLogNSR7QRO6lyqj7Ve47%2FhuSYdjXtyIpbV6fWE0; koa.sid=ivwC90iAb7tLBOBeknNrnuhe7iEie-dh; koa.sid.sig=tmZIO5eST0xQE8T8m_alai3Av4s
[2019-12-08 20:01:27]  host: localhost:3000, user-agent: Mozilla/5.0 (Macintosh; Intel Mac OS X 10_15_1) AppleWebKit/537.36 (KHTML, like Gecko) Chrome/78.0.3904.108 Safari/537.36, referer: undefined
[2019-12-08 20:01:27]  cookie: connect.sid=s%3A5kgO501DaGQfmFP5UkVTz1x5c7_nFL8e.6%2FxnLogNSR7QRO6lyqj7Ve47%2FhuSYdjXtyIpbV6fWE0; koa.sid=ivwC90iAb7tLBOBeknNrnuhe7iEie-dh; koa.sid.sig=tmZIO5eST0xQE8T8m_alai3Av4s
[2019-12-08 20:01:32]  host: localhost:3000, user-agent: Mozilla/5.0 (Macintosh; Intel Mac OS X 10_15_1) AppleWebKit/537.36 (KHTML, like Gecko) Chrome/78.0.3904.108 Safari/537.36, referer: undefined
[2019-12-08 20:01:32]  cookie: connect.sid=s%3A5kgO501DaGQfmFP5UkVTz1x5c7_nFL8e.6%2FxnLogNSR7QRO6lyqj7Ve47%2FhuSYdjXtyIpbV6fWE0; koa.sid=ivwC90iAb7tLBOBeknNrnuhe7iEie-dh; koa.sid.sig=tmZIO5eST0xQE8T8m_alai3Av4s
[2019-12-08 20:01:32]  host: localhost:3000, user-agent: Mozilla/5.0 (Macintosh; Intel Mac OS X 10_15_1) AppleWebKit/537.36 (KHTML, like Gecko) Chrome/78.0.3904.108 Safari/537.36, referer: undefined
[2019-12-08 20:01:32]  cookie: connect.sid=s%3A5kgO501DaGQfmFP5UkVTz1x5c7_nFL8e.6%2FxnLogNSR7QRO6lyqj7Ve47%2FhuSYdjXtyIpbV6fWE0; koa.sid=ivwC90iAb7tLBOBeknNrnuhe7iEie-dh; koa.sid.sig=tmZIO5eST0xQE8T8m_alai3Av4s
[2019-12-08 20:02:34]  host: localhost:3000, user-agent: Mozilla/5.0 (Macintosh; Intel Mac OS X 10_15_1) AppleWebKit/537.36 (KHTML, like Gecko) Chrome/78.0.3904.108 Safari/537.36, referer: undefined
[2019-12-08 20:02:34]  cookie: connect.sid=s%3A5kgO501DaGQfmFP5UkVTz1x5c7_nFL8e.6%2FxnLogNSR7QRO6lyqj7Ve47%2FhuSYdjXtyIpbV6fWE0; koa.sid=ivwC90iAb7tLBOBeknNrnuhe7iEie-dh; koa.sid.sig=tmZIO5eST0xQE8T8m_alai3Av4s
[2019-12-08 20:02:36]  host: localhost:3000, user-agent: Mozilla/5.0 (Macintosh; Intel Mac OS X 10_15_1) AppleWebKit/537.36 (KHTML, like Gecko) Chrome/78.0.3904.108 Safari/537.36, referer: undefined
[2019-12-08 20:02:36]  cookie: connect.sid=s%3A5kgO501DaGQfmFP5UkVTz1x5c7_nFL8e.6%2FxnLogNSR7QRO6lyqj7Ve47%2FhuSYdjXtyIpbV6fWE0; koa.sid=ivwC90iAb7tLBOBeknNrnuhe7iEie-dh; koa.sid.sig=tmZIO5eST0xQE8T8m_alai3Av4s
[2019-12-08 20:02:37]  host: localhost:3000, user-agent: Mozilla/5.0 (Macintosh; Intel Mac OS X 10_15_1) AppleWebKit/537.36 (KHTML, like Gecko) Chrome/78.0.3904.108 Safari/537.36, referer: undefined
[2019-12-08 20:02:37]  cookie: connect.sid=s%3A5kgO501DaGQfmFP5UkVTz1x5c7_nFL8e.6%2FxnLogNSR7QRO6lyqj7Ve47%2FhuSYdjXtyIpbV6fWE0; koa.sid=ivwC90iAb7tLBOBeknNrnuhe7iEie-dh; koa.sid.sig=tmZIO5eST0xQE8T8m_alai3Av4s
[2019-12-08 20:02:41]  host: localhost:3000, user-agent: Mozilla/5.0 (Macintosh; Intel Mac OS X 10_15_1) AppleWebKit/537.36 (KHTML, like Gecko) Chrome/78.0.3904.108 Safari/537.36, referer: undefined
[2019-12-08 20:02:41]  cookie: connect.sid=s%3A5kgO501DaGQfmFP5UkVTz1x5c7_nFL8e.6%2FxnLogNSR7QRO6lyqj7Ve47%2FhuSYdjXtyIpbV6fWE0; koa.sid=ivwC90iAb7tLBOBeknNrnuhe7iEie-dh; koa.sid.sig=tmZIO5eST0xQE8T8m_alai3Av4s
[2019-12-08 20:02:46]  host: localhost:3000, user-agent: Mozilla/5.0 (Macintosh; Intel Mac OS X 10_15_1) AppleWebKit/537.36 (KHTML, like Gecko) Chrome/78.0.3904.108 Safari/537.36, referer: undefined
[2019-12-08 20:02:46]  cookie: connect.sid=s%3A5kgO501DaGQfmFP5UkVTz1x5c7_nFL8e.6%2FxnLogNSR7QRO6lyqj7Ve47%2FhuSYdjXtyIpbV6fWE0; koa.sid=ivwC90iAb7tLBOBeknNrnuhe7iEie-dh; koa.sid.sig=tmZIO5eST0xQE8T8m_alai3Av4s
[2019-12-08 20:02:51]  host: localhost:3000, user-agent: Mozilla/5.0 (Macintosh; Intel Mac OS X 10_15_1) AppleWebKit/537.36 (KHTML, like Gecko) Chrome/78.0.3904.108 Safari/537.36, referer: undefined
[2019-12-08 20:02:51]  cookie: connect.sid=s%3A5kgO501DaGQfmFP5UkVTz1x5c7_nFL8e.6%2FxnLogNSR7QRO6lyqj7Ve47%2FhuSYdjXtyIpbV6fWE0; koa.sid=ivwC90iAb7tLBOBeknNrnuhe7iEie-dh; koa.sid.sig=tmZIO5eST0xQE8T8m_alai3Av4s
[2019-12-08 20:02:53]  host: localhost:3000, user-agent: Mozilla/5.0 (Macintosh; Intel Mac OS X 10_15_1) AppleWebKit/537.36 (KHTML, like Gecko) Chrome/78.0.3904.108 Safari/537.36, referer: undefined
[2019-12-08 20:02:53]  cookie: connect.sid=s%3A5kgO501DaGQfmFP5UkVTz1x5c7_nFL8e.6%2FxnLogNSR7QRO6lyqj7Ve47%2FhuSYdjXtyIpbV6fWE0; koa.sid=ivwC90iAb7tLBOBeknNrnuhe7iEie-dh; koa.sid.sig=tmZIO5eST0xQE8T8m_alai3Av4s
