[2019-11-24 16:09:00]  Error: ER_PARSE_ERROR: You have an error in your SQL syntax; check the manual that corresponds to your MySQL server version for the right syntax to use near 'root --'' and password=''1''' at line 1
[2019-11-24 16:09:01]  Error: ER_PARSE_ERROR: You have an error in your SQL syntax; check the manual that corresponds to your MySQL server version for the right syntax to use near 'root --'' and password=''1''' at line 1
[2019-11-24 16:09:27]  Error: ER_PARSE_ERROR: You have an error in your SQL syntax; check the manual that corresponds to your MySQL server version for the right syntax to use near 'root'' and password=''1''' at line 1
[2019-11-24 16:15:16]  SQL ERROR: Error: ER_PARSE_ERROR: You have an error in your SQL syntax; check the manual that corresponds to your MySQL server version for the right syntax to use near 'XSS 攻击')</script>','1574583316964','robbieyang')' at line 1
[2019-11-24 16:15:40]  SQL ERROR: Error: ER_PARSE_ERROR: You have an error in your SQL syntax; check the manual that corresponds to your MySQL server version for the right syntax to use near 'XSS 攻击')</script>','1574583340503','robbieyang')' at line 1
[2019-11-24 16:15:41]  SQL ERROR: Error: ER_PARSE_ERROR: You have an error in your SQL syntax; check the manual that corresponds to your MySQL server version for the right syntax to use near 'XSS 攻击')</script>','1574583341550','robbieyang')' at line 1
[2019-11-24 16:15:41]  SQL ERROR: Error: ER_PARSE_ERROR: You have an error in your SQL syntax; check the manual that corresponds to your MySQL server version for the right syntax to use near 'XSS 攻击')</script>','1574583341743','robbieyang')' at line 1
[2019-11-24 16:15:41]  SQL ERROR: Error: ER_PARSE_ERROR: You have an error in your SQL syntax; check the manual that corresponds to your MySQL server version for the right syntax to use near 'XSS 攻击')</script>','1574583341927','robbieyang')' at line 1
[2019-11-24 16:15:42]  SQL ERROR: Error: ER_PARSE_ERROR: You have an error in your SQL syntax; check the manual that corresponds to your MySQL server version for the right syntax to use near 'XSS 攻击')</script>','1574583342103','robbieyang')' at line 1
[2019-11-24 16:17:27]  SQL ERROR: Error: ER_PARSE_ERROR: You have an error in your SQL syntax; check the manual that corresponds to your MySQL server version for the right syntax to use near 'Xss 攻击')</script>'  where id=4' at line 1
[2019-11-24 16:18:29]  SQL ERROR: Error: ER_PARSE_ERROR: You have an error in your SQL syntax; check the manual that corresponds to your MySQL server version for the right syntax to use near 'Xss 攻击'</script>'  where id=4' at line 1
[2019-11-24 16:18:52]  SQL ERROR: Error: ER_PARSE_ERROR: You have an error in your SQL syntax; check the manual that corresponds to your MySQL server version for the right syntax to use near 'Xss 攻击'</script>'  where id=4' at line 1
[2019-11-24 16:20:26]  SQL ERROR: Error: ER_PARSE_ERROR: You have an error in your SQL syntax; check the manual that corresponds to your MySQL server version for the right syntax to use near 'Xss 攻击</script>'  where id=4' at line 1
[2019-11-24 16:21:52]  SQL ERROR: Error: ER_PARSE_ERROR: You have an error in your SQL syntax; check the manual that corresponds to your MySQL server version for the right syntax to use near 'ss 攻击</script>'  where id=4' at line 1
[2019-11-24 16:27:14]  SQL ERROR: Error: ER_PARSE_ERROR: You have an error in your SQL syntax; check the manual that corresponds to your MySQL server version for the right syntax to use near 'Xss 攻击</script>'  where id=4' at line 1
[2019-11-24 16:29:55]  SQL ERROR: Error: ER_PARSE_ERROR: You have an error in your SQL syntax; check the manual that corresponds to your MySQL server version for the right syntax to use near 'Xss 攻击</script>'  where id=4' at line 1
[2019-11-24 16:31:34]  response Error data: {"code":-103,"msg":"登录失败"}, msg: undefined
[2019-11-24 16:58:20]  response Error data: {"code":-103,"msg":"登录失败"}, msg: 
[2019-11-24 16:58:26]  response Error data: {"code":-103,"msg":"登录失败"}, msg: 
[2019-11-24 16:59:01]  response Error data: {"code":-103,"msg":"登录失败"}, msg: 
[2019-11-24 16:59:07]  response Error data: {"code":-103,"msg":"登录失败"}, msg: 
[2019-11-24 16:59:38]  response Error data: {"code":-103,"msg":"登录失败"}, msg: 
[2019-11-24 17:00:44]  response Error data: {"code":-103,"msg":"登录失败"}, msg: 
[2019-11-24 17:01:09]  response Error data: {"code":-103,"msg":"登录失败"}, msg: 
[2019-11-24 17:01:34]  response Error data: {"code":-103,"msg":"登录失败"}, msg: 
