[2019-11-24 16:07:35]  执行命令: select * from blogs where 1=1 order by createtime desc;
[2019-11-24 16:07:47]  执行命令: select username,nickname from users where username=''root --'' and password=''''
[2019-11-24 16:07:47]  执行命令: select username,nickname from users where username=''root --'' and password=''''
[2019-11-24 16:07:54]  执行命令: select username,nickname from users where username=''root --'' and password=''1''
[2019-11-24 16:07:58]  执行命令: select username,nickname from users where username=''root --'' and password=''1''
[2019-11-24 16:09:00]  执行命令: select username,nickname from users where username=''root --'' and password=''1''
[2019-11-24 16:09:01]  执行命令: select username,nickname from users where username=''root --'' and password=''1''
[2019-11-24 16:09:27]  执行命令: select username,nickname from users where username=''root'' and password=''1''
[2019-11-24 16:10:06]  执行命令: select username,nickname from users where username='root' and password='1'
[2019-11-24 16:10:09]  执行命令: select username,nickname from users where username='root' and password='1'
[2019-11-24 16:10:18]  执行命令: select username,nickname from users where username='root' and password='1'
[2019-11-24 16:10:21]  执行命令: select username,nickname from users where username='root --' and password='1'
[2019-11-24 16:10:35]  执行命令: select username,nickname from users where username='root' and password='123'
[2019-11-24 16:10:36]  执行命令: select * from blogs where 1=1 order by createtime desc;
[2019-11-24 16:15:16]  执行命令: insert into blogs (title,content,createtime,nickname) values ('XSS攻击','<script>alert('XSS 攻击')</script>','1574583316964','robbieyang');
[2019-11-24 16:15:40]  执行命令: insert into blogs (title,content,createtime,nickname) values ('XSS攻击','<script>alert('XSS 攻击')</script>','1574583340503','robbieyang');
[2019-11-24 16:15:41]  执行命令: insert into blogs (title,content,createtime,nickname) values ('XSS攻击','<script>alert('XSS 攻击')</script>','1574583341550','robbieyang');
[2019-11-24 16:15:41]  执行命令: insert into blogs (title,content,createtime,nickname) values ('XSS攻击','<script>alert('XSS 攻击')</script>','1574583341743','robbieyang');
[2019-11-24 16:15:41]  执行命令: insert into blogs (title,content,createtime,nickname) values ('XSS攻击','<script>alert('XSS 攻击')</script>','1574583341927','robbieyang');
[2019-11-24 16:15:42]  执行命令: insert into blogs (title,content,createtime,nickname) values ('XSS攻击','<script>alert('XSS 攻击')</script>','1574583342103','robbieyang');
[2019-11-24 16:16:20]  执行命令: select * from blogs where 1=1 order by createtime desc;
[2019-11-24 16:16:40]  执行命令: select * from blogs where 1=1 order by createtime desc;
[2019-11-24 16:16:42]  执行命令: select * from blogs where 1=1 and id=4 order by createtime desc;
[2019-11-24 16:16:55]  执行命令: update blogs set title='标题3' ,content='正文Dxxxxxcccccdddxxxc<script>Xss 攻击</script>'  where id=4;
[2019-11-24 16:16:59]  执行命令: select * from blogs where 1=1 order by createtime desc;
[2019-11-24 16:17:02]  执行命令: select * from blogs where 1=1 and id=3 order by createtime desc;
[2019-11-24 16:17:05]  执行命令: select * from blogs where 1=1 order by createtime desc;
[2019-11-24 16:17:08]  执行命令: select * from blogs where 1=1 and id=4 order by createtime desc;
[2019-11-24 16:17:09]  执行命令: select * from blogs where 1=1 order by createtime desc;
[2019-11-24 16:17:11]  执行命令: select * from blogs where 1=1 and id=4 order by createtime desc;
[2019-11-24 16:17:13]  执行命令: select * from blogs where 1=1 order by createtime desc;
[2019-11-24 16:17:14]  执行命令: select * from blogs where 1=1 and id=4 order by createtime desc;
[2019-11-24 16:17:27]  执行命令: update blogs set title='标题3' ,content='正文Dxxxxxcccccdddxxxc<script>alert('Xss 攻击')</script>'  where id=4;
[2019-11-24 16:18:21]  执行命令: select * from blogs where 1=1 and id=4 order by createtime desc;
[2019-11-24 16:18:29]  执行命令: update blogs set title='标题3' ,content='正文Dxxxxxcccccdddxxxc<script>'Xss 攻击'</script>'  where id=4;
[2019-11-24 16:18:45]  执行命令: select * from blogs where 1=1 and id=4 order by createtime desc;
[2019-11-24 16:18:52]  执行命令: update blogs set title='标题3' ,content='正文Dxxxxxcccccdddxxxc<script>'Xss 攻击'</script>'  where id=4;
[2019-11-24 16:18:55]  执行命令: select * from blogs where 1=1 order by createtime desc;
[2019-11-24 16:18:58]  执行命令: select * from blogs where 1=1 and id=4 order by createtime desc;
[2019-11-24 16:20:26]  执行命令: update blogs set title='标题3' ,content='正文Dxxxxxcccccdddxxxc<script>/]]'Xss 攻击</script>'  where id=4;
[2019-11-24 16:20:29]  执行命令: select * from blogs where 1=1 order by createtime desc;
[2019-11-24 16:21:47]  执行命令: select * from blogs where 1=1 and id=4 order by createtime desc;
[2019-11-24 16:21:52]  执行命令: update blogs set title='标题3' ,content='正文Dxxxxxcccccdddxxxc<script>X'ss 攻击</script>'  where id=4;
[2019-11-24 16:21:55]  执行命令: select * from blogs where 1=1 order by createtime desc;
[2019-11-24 16:26:14]  执行命令: select * from blogs where 1=1 and id=4 order by createtime desc;
[2019-11-24 16:26:18]  执行命令: update blogs set title='标题3' ,content='正文Dxxxxxcccccdddxxxc<script>’Xss 攻击</script>'  where id=4;
[2019-11-24 16:27:03]  执行命令: update blogs set title='标题3' ,content='正文Dxxxxxcccccdddxxxc<script>’Xss 攻击</script>'  where id=4;
[2019-11-24 16:27:06]  执行命令: select * from blogs where 1=1 order by createtime desc;
[2019-11-24 16:27:09]  执行命令: select * from blogs where 1=1 and id=4 order by createtime desc;
[2019-11-24 16:27:14]  执行命令: update blogs set title='标题3' ,content='正文Dxxxxxcccccdddxxxc<script>’‘'Xss 攻击</script>'  where id=4;
[2019-11-24 16:29:55]  执行命令: update blogs set title='标题3' ,content='正文Dxxxxxcccccdddxxxc<script>’‘'Xss 攻击</script>'  where id=4;
[2019-11-24 16:31:34]  执行命令: select username,nickname from users where username='123' and password='321'
