[2019-12-08 18:16:57]  执行命令: select * from blogs where 1=1 order by createtime desc;
[2019-12-08 18:18:44]  执行命令: select * from blogs where 1=1 order by createtime desc;
[2019-12-08 18:22:21]  执行命令: select username,nickname from users where username=NULL and password='00e16329e930417dbaa8ad01a4836f12'
[2019-12-08 18:24:32]  执行命令: select username,nickname from users where username='root' and password='bf6631b7bcedc63bf3c1a7140a0aad6d'
[2019-12-08 18:24:32]  执行命令: select * from blogs where 1=1 order by createtime desc;
[2019-12-08 18:24:57]  执行命令: select username,nickname from users where username='root' and password='bf6631b7bcedc63bf3c1a7140a0aad6d'
[2019-12-08 18:24:57]  执行命令: select * from blogs where 1=1 order by createtime desc;
[2019-12-08 18:25:29]  执行命令: select * from blogs where 1=1 order by createtime desc;
[2019-12-08 18:25:59]  执行命令: select * from blogs where 1=1 order by createtime desc;
[2019-12-08 18:26:07]  执行命令: select * from blogs where 1=1 order by createtime desc;
[2019-12-08 18:26:13]  执行命令: select * from blogs where 1=1 order by createtime desc;
[2019-12-08 18:27:38]  执行命令: select * from blogs where 1=1 order by createtime desc;
[2019-12-08 18:27:46]  执行命令: select * from blogs where 1=1 and id=3 order by createtime desc;
[2019-12-08 18:29:52]  执行命令: select * from blogs where 1=1 and id=3 order by createtime desc;
[2019-12-08 18:29:54]  执行命令: update blogs set title='圆形进度条' ,content='asdqwezxcdd'  where id=3;
[2019-12-08 18:29:57]  执行命令: select * from blogs where 1=1 order by createtime desc;
[2019-12-08 18:30:00]  执行命令: select * from blogs where 1=1 and id=3 order by createtime desc;
[2019-12-08 18:30:01]  执行命令: update blogs set title='圆形进度条' ,content='asdqwezxcddc'  where id=3;
[2019-12-08 18:30:04]  执行命令: select * from blogs where 1=1 order by createtime desc;
[2019-12-08 18:30:15]  执行命令: insert into blogs (title,content,createtime,nickname) values ('ccc','111','1575801015591','超级管理员');
[2019-12-08 18:30:18]  执行命令: select * from blogs where 1=1 order by createtime desc;
[2019-12-08 18:30:48]  执行命令: select * from blogs where 1=1 order by createtime desc;
[2019-12-08 18:30:50]  执行命令: delete from blogs where id=5
[2019-12-08 18:30:54]  执行命令: select * from blogs where 1=1 order by createtime desc;
[2019-12-08 18:31:21]  执行命令: select username,nickname from users where username='root' and password='bf6631b7bcedc63bf3c1a7140a0aad6d'
[2019-12-08 18:31:21]  执行命令: select * from blogs where 1=1 order by createtime desc;
[2019-12-08 18:36:39]  执行命令: select * from blogs where 1=1 order by createtime desc;
[2019-12-08 18:37:03]  执行命令: select * from blogs where 1=1 order by createtime desc;
[2019-12-08 18:37:29]  执行命令: select * from blogs where 1=1 order by createtime desc;
